[debug] [2019-09-25T04:00:01.727Z] ----------------------------------------------------------------------
[debug] [2019-09-25T04:00:01.730Z] Command:       C:\Program Files\nodejs\node.exe C:\Users\lgula\AppData\Roaming\npm\node_modules\firebase-tools\lib\bin\firebase.js init
[debug] [2019-09-25T04:00:01.730Z] CLI Version:   7.3.2
[debug] [2019-09-25T04:00:01.730Z] Platform:      win32
[debug] [2019-09-25T04:00:01.730Z] Node Version:  v10.16.0
[debug] [2019-09-25T04:00:01.732Z] Time:          Wed Sep 25 2019 00:00:01 GMT-0400 (Eastern Daylight Time)
[debug] [2019-09-25T04:00:01.732Z] ----------------------------------------------------------------------
[debug] 
[debug] [2019-09-25T04:00:01.741Z] > command requires scopes: ["email","openid","https://www.googleapis.com/auth/cloudplatformprojects.readonly","https://www.googleapis.com/auth/firebase","https://www.googleapis.com/auth/cloud-platform"]
[debug] [2019-09-25T04:00:01.742Z] > authorizing via signed-in user
[info] 
     ######## #### ########  ######## ########     ###     ######  ########
     ##        ##  ##     ## ##       ##     ##  ##   ##  ##       ##
     ######    ##  ########  ######   ########  #########  ######  ######
     ##        ##  ##    ##  ##       ##     ## ##     ##       ## ##
     ##       #### ##     ## ######## ########  ##     ##  ######  ########

You're about to initialize a Firebase project in this directory:

  C:\Users\lgula\uhhhtina\Homework\TrainScheduler

[debug] [2019-09-25T04:02:30.809Z] Error: kill ENOSYS
    at process.kill (internal/process/per_thread.js:198:13)
    at process.listener (C:\Users\lgula\AppData\Roaming\npm\node_modules\firebase-tools\node_modules\signal-exit\index.js:95:15)
    at process.emit (events.js:198:13)
[error] 
[error] Error: An unexpected error has occurred.
